[LOG] System::create                           : Header version = 2.02.26. Current version = 2.02.26.
[LOG] Manager::init                            : maxchannels = 256 studioflags = 00000006 flags 00000000 extradriverdata 0000000000000000.
[LOG] SystemI::init                            : Initialize version=20226 (148250), maxchannels=256, flags=0x00020000
[LOG] SystemI::setOutputInternal               : Setting output to 'FMOD WASAPI Output'
[LOG] OutputWASAPI::init                       : Mix Format (WAVEFORMATEX): wFormatTag=0xFFFE, nChannels=2, nSamplesPerSec=48000, nAvgBytesPerSec=384000, nBlockAlign=8, wBitsPerSample=32, cbSize=22.
[LOG] OutputWASAPI::init                       : Mix Format (WAVEFORMATEXTENSIBLE): wValidBitsPerSample=32, dwChannelMask=0x00000003, SubFormat=00000003-0000-0010-8000-00AA00389B71.
[LOG] OutputWASAPI::init                       : Output buffer size: 4096 samples, latency: 0.00ms, period: 10.00ms, DSP buffer: 1024 * 4
[LOG] Thread::initThread                       : Init FMOD stream thread. Affinity: 0x4000000000000003, Priority: 0xFFFF7FFB, Stack Size: 98304, Semaphore: No, Sleep Time: 10, Looping: Yes.
[LOG] Thread::initThread                       : Init FMOD mixer thread. Affinity: 0x4000000000000001, Priority: 0xFFFF7FFA, Stack Size: 81920, Semaphore: No, Sleep Time: 0, Looping: Yes.
[LOG] AsyncManager::init                       : manager 000001D6558B5A18 isAsync 0 updatePeriod 0.02
[LOG] AsyncManager::init                       : done
[LOG] PlaybackSystem::init                     : 
[LOG] Thread::initThread                       : Init FMOD Studio sample load thread. Affinity: 0x4000000000000003, Priority: 0xFFFF7FFD, Stack Size: 98304, Semaphore: No, Sleep Time: 1, Looping: No.
[LOG] PlaybackSystem::init                     : done
[LOG] Thread::initThread                       : Init FMOD Studio bank load thread. Affinity: 0x4000000000000003, Priority: 0xFFFF7FFD, Stack Size: 98304, Semaphore: No, Sleep Time: 1, Looping: No.
[LOG] Manager::init                            : done.
[LOG] Manager::readBank                        : fileversion = 142, compatVersion = 140 (oldest = 44, newest = 142)
[LOG] Manager::readBank                        : fileversion = 142, compatVersion = 140 (oldest = 44, newest = 142)
[LOG] Manager::readBank                        : fileversion = 142, compatVersion = 140 (oldest = 44, newest = 142)
[LOG] Manager::finishLoadBank                  : Bank with guid {d100ffc4-9718-41d7-b641-181373b55498} has already been loaded
[LOG] Manager::readBank                        : fileversion = 142, compatVersion = 140 (oldest = 44, newest = 142)
[LOG] Manager::finishLoadBank                  : Bank with guid {d100ffc4-9718-41d7-b641-181373b55498} has already been loaded
[LOG] Manager::readBank                        : fileversion = 142, compatVersion = 140 (oldest = 44, newest = 142)
[LOG] PlaybackSystem::acquireMasterBus         : Setting master channel group format to 6
[LOG] Manager::readBank                        : fileversion = 142, compatVersion = 140 (oldest = 44, newest = 142)
[LOG] Manager::readBank                        : fileversion = 142, compatVersion = 140 (oldest = 44, newest = 142)
[LOG] Manager::readBank                        : fileversion = 142, compatVersion = 140 (oldest = 44, newest = 142)
[LOG] Manager::readBank                        : fileversion = 142, compatVersion = 140 (oldest = 44, newest = 142)
[WRN] FMOD_CHECKATTRIBUTES                     : Position vector { 1e+18, 1e+18, 1e+18 } is out of range.
[WRN] FMOD_CHECKATTRIBUTES                     : Position vector { 1e+18, 1e+18, 1e+18 } is out of range.
[WRN] FMOD_CHECKATTRIBUTES                     : Position vector { 1e+18, 1e+18, 1e+18 } is out of range.
[WRN] FMOD_CHECKATTRIBUTES                     : Position vector { 1e+18, 1e+18, 1e+18 } is out of range.
[WRN] FMOD_CHECKATTRIBUTES                     : Position vector { 1e+18, 1e+18, 1e+18 } is out of range.
[LOG] SystemI::createSoundInternal             : Create name='', mode=0x02000202
[LOG] SystemI::createSoundInternal             : exinfo->cbsize             = 224
[LOG] SystemI::createSoundInternal             : exinfo->length             = 21491904
[LOG] SystemI::createSoundInternal             : exinfo->fileoffset         = 76576
[LOG] SystemI::createSoundInternal             : exinfo->numsubsounds       = 1
[LOG] SystemI::createSoundInternal             : exinfo->inclusionlist      = 000000488E09F1F8
[LOG] SystemI::createSoundInternal             : exinfo->inclusionlistnum   = 1
[LOG] SystemI::createSoundInternal             : exinfo->suggestedsoundtype = 5
[LOG] SystemI::createSoundInternal             : exinfo->useropen           = 00007FFF5AE05B90
[LOG] SystemI::createSoundInternal             : exinfo->userclose          = 00007FFF5AE05B50
[LOG] SystemI::createSoundInternal             : exinfo->userread           = 00007FFF5AE05C70
[LOG] SystemI::createSoundInternal             : exinfo->userseek           = 00007FFF5AE05D30
[LOG] SystemI::createSoundInternal             : exinfo->fileuserdata       = 000001D3000FE488
[LOG] SystemI::createSoundInternal             : exinfo->initialseekpostype = 1
[LOG] SystemI::DSPCodecPoolRegister            : register codec pool for pool type 5
[LOG] SystemI::createSoundInternal             : Sample 0/1: name='wooden_collision_small_dry_dull', format=5, channels=2, frequency=48000, lengthbytes=4000, lengthpcm=22878, pcmblocksize=0, loopstart=0, loopend=0, mode=0x00000000, channelmask=0x00000000, channelorder=0, peakvolume=0.685638.
[WRN] FMOD_CHECKATTRIBUTES                     : Position vector { 1e+18, 1e+18, 1e+18 } is out of range.
[WRN] FMOD_CHECKATTRIBUTES                     : Position vector { 1e+18, 1e+18, 1e+18 } is out of range.
[WRN] FMOD_CHECKATTRIBUTES                     : Position vector { 1e+18, 1e+18, 1e+18 } is out of range.
[WRN] FMOD_CHECKATTRIBUTES                     : Position vector { 1e+18, 1e+18, 1e+18 } is out of range.
[WRN] FMOD_CHECKATTRIBUTES                     : Position vector { 1e+18, 1e+18, 1e+18 } is out of range.
[WRN] FMOD_CHECKATTRIBUTES                     : Position vector { 1e+18, 1e+18, 1e+18 } is out of range.
[WRN] FMOD_CHECKATTRIBUTES                     : Position vector { 1e+18, 1e+18, 1e+18 } is out of range.
[WRN] FMOD_CHECKATTRIBUTES                     : Position vector { 1e+18, 1e+18, 1e+18 } is out of range.
[WRN] FMOD_CHECKATTRIBUTES                     : Position vector { 1e+18, 1e+18, 1e+18 } is out of range.
[WRN] FMOD_CHECKATTRIBUTES                     : Position vector { 1e+18, 1e+18, 1e+18 } is out of range.
